  LifeSimulator.cpp
C:\Users\Administrator\Desktop\cs3460-assignment6\LifeSimulator.cpp(22,36): warning C4244: 'argument': conversion from 'int' to 'uint8_t', possible loss of data
C:\Users\Administrator\Desktop\cs3460-assignment6\LifeSimulator.cpp(22,33): warning C4244: 'argument': conversion from 'int' to 'uint8_t', possible loss of data
C:\Users\Administrator\Desktop\cs3460-assignment6\LifeSimulator.cpp(39,28): warning C4244: 'argument': conversion from 'int' to 'uint8_t', possible loss of data
C:\Users\Administrator\Desktop\cs3460-assignment6\LifeSimulator.cpp(39,25): warning C4244: 'argument': conversion from 'int' to 'uint8_t', possible loss of data
C:\Users\Administrator\Desktop\cs3460-assignment6\LifeSimulator.cpp(46,49): warning C4244: 'argument': conversion from 'int' to 'uint8_t', possible loss of data
C:\Users\Administrator\Desktop\cs3460-assignment6\LifeSimulator.cpp(46,44): warning C4244: 'argument': conversion from 'int' to 'uint8_t', possible loss of data
C:\Users\Administrator\Desktop\cs3460-assignment6\LifeSimulator.cpp(55,48): warning C4244: 'argument': conversion from 'int' to 'uint8_t', possible loss of data
C:\Users\Administrator\Desktop\cs3460-assignment6\LifeSimulator.cpp(55,43): warning C4244: 'argument': conversion from 'int' to 'uint8_t', possible loss of data
C:\Users\Administrator\Desktop\cs3460-assignment6\LifeSimulator.cpp(64,57): warning C4244: 'argument': conversion from 'int' to 'uint8_t', possible loss of data
C:\Users\Administrator\Desktop\cs3460-assignment6\LifeSimulator.cpp(64,50): warning C4244: 'argument': conversion from 'int' to 'uint8_t', possible loss of data
C:\Users\Administrator\Desktop\cs3460-assignment6\LifeSimulator.cpp(73,48): warning C4244: 'argument': conversion from 'int' to 'uint8_t', possible loss of data
C:\Users\Administrator\Desktop\cs3460-assignment6\LifeSimulator.cpp(73,43): warning C4244: 'argument': conversion from 'int' to 'uint8_t', possible loss of data
C:\Users\Administrator\Desktop\cs3460-assignment6\LifeSimulator.cpp(82,56): warning C4244: 'argument': conversion from 'int' to 'uint8_t', possible loss of data
C:\Users\Administrator\Desktop\cs3460-assignment6\LifeSimulator.cpp(82,49): warning C4244: 'argument': conversion from 'int' to 'uint8_t', possible loss of data
C:\Users\Administrator\Desktop\cs3460-assignment6\LifeSimulator.cpp(91,54): warning C4244: 'argument': conversion from 'int' to 'uint8_t', possible loss of data
C:\Users\Administrator\Desktop\cs3460-assignment6\LifeSimulator.cpp(91,47): warning C4244: 'argument': conversion from 'int' to 'uint8_t', possible loss of data
C:\Users\Administrator\Desktop\cs3460-assignment6\LifeSimulator.cpp(100,45): warning C4244: 'argument': conversion from 'int' to 'uint8_t', possible loss of data
C:\Users\Administrator\Desktop\cs3460-assignment6\LifeSimulator.cpp(100,40): warning C4244: 'argument': conversion from 'int' to 'uint8_t', possible loss of data
C:\Users\Administrator\Desktop\cs3460-assignment6\LifeSimulator.cpp(109,53): warning C4244: 'argument': conversion from 'int' to 'uint8_t', possible loss of data
C:\Users\Administrator\Desktop\cs3460-assignment6\LifeSimulator.cpp(109,46): warning C4244: 'argument': conversion from 'int' to 'uint8_t', possible loss of data
C:\Users\Administrator\Desktop\cs3460-assignment6\LifeSimulator.cpp(139,49): warning C4244: 'argument': conversion from 'int' to 'uint8_t', possible loss of data
C:\Users\Administrator\Desktop\cs3460-assignment6\LifeSimulator.cpp(139,44): warning C4244: 'argument': conversion from 'int' to 'uint8_t', possible loss of data
C:\Users\Administrator\Desktop\cs3460-assignment6\LifeSimulator.cpp(148,48): warning C4244: 'argument': conversion from 'int' to 'uint8_t', possible loss of data
C:\Users\Administrator\Desktop\cs3460-assignment6\LifeSimulator.cpp(148,43): warning C4244: 'argument': conversion from 'int' to 'uint8_t', possible loss of data
C:\Users\Administrator\Desktop\cs3460-assignment6\LifeSimulator.cpp(157,57): warning C4244: 'argument': conversion from 'int' to 'uint8_t', possible loss of data
C:\Users\Administrator\Desktop\cs3460-assignment6\LifeSimulator.cpp(157,50): warning C4244: 'argument': conversion from 'int' to 'uint8_t', possible loss of data
C:\Users\Administrator\Desktop\cs3460-assignment6\LifeSimulator.cpp(166,48): warning C4244: 'argument': conversion from 'int' to 'uint8_t', possible loss of data
C:\Users\Administrator\Desktop\cs3460-assignment6\LifeSimulator.cpp(166,43): warning C4244: 'argument': conversion from 'int' to 'uint8_t', possible loss of data
C:\Users\Administrator\Desktop\cs3460-assignment6\LifeSimulator.cpp(175,56): warning C4244: 'argument': conversion from 'int' to 'uint8_t', possible loss of data
C:\Users\Administrator\Desktop\cs3460-assignment6\LifeSimulator.cpp(175,49): warning C4244: 'argument': conversion from 'int' to 'uint8_t', possible loss of data
C:\Users\Administrator\Desktop\cs3460-assignment6\LifeSimulator.cpp(184,54): warning C4244: 'argument': conversion from 'int' to 'uint8_t', possible loss of data
C:\Users\Administrator\Desktop\cs3460-assignment6\LifeSimulator.cpp(184,47): warning C4244: 'argument': conversion from 'int' to 'uint8_t', possible loss of data
C:\Users\Administrator\Desktop\cs3460-assignment6\LifeSimulator.cpp(193,45): warning C4244: 'argument': conversion from 'int' to 'uint8_t', possible loss of data
C:\Users\Administrator\Desktop\cs3460-assignment6\LifeSimulator.cpp(193,40): warning C4244: 'argument': conversion from 'int' to 'uint8_t', possible loss of data
C:\Users\Administrator\Desktop\cs3460-assignment6\LifeSimulator.cpp(202,53): warning C4244: 'argument': conversion from 'int' to 'uint8_t', possible loss of data
C:\Users\Administrator\Desktop\cs3460-assignment6\LifeSimulator.cpp(202,46): warning C4244: 'argument': conversion from 'int' to 'uint8_t', possible loss of data
C:\Users\Administrator\Desktop\cs3460-assignment6\LifeSimulator.cpp(230,42): warning C4458: declaration of 'x' hides class member
C:\Users\Administrator\Desktop\cs3460-assignment6\LifeSimulator.hpp(20,18): message : see declaration of 'LifeSimulator::x'
C:\Users\Administrator\Desktop\cs3460-assignment6\LifeSimulator.cpp(230,58): warning C4458: declaration of 'y' hides class member
C:\Users\Administrator\Desktop\cs3460-assignment6\LifeSimulator.hpp(21,18): message : see declaration of 'LifeSimulator::y'
  ConwaysLife.vcxproj -> C:\Users\Administrator\Desktop\cs3460-assignment6\build\Release\ConwaysLife.exe
